<?xml version="1.0" encoding="UTF-8"?>
<coverage generated="1789403904808" clover="3.2.0">
  <project timestamp="1789403904808" name="All files">
    <metrics statements="27" coveredstatements="11" conditionals="4" coveredconditionals="0" methods="5" coveredmethods="0" elements="36" coveredelements="11" complexity="0" loc="27" ncloc="27" packages="3" files="3" classes="3"/>
    <package name="actions">
      <metrics statements="8" coveredstatements="2" conditionals="2" coveredconditionals="0" methods="1" coveredmethods="0"/>
      <file name="dashboardAccuracyAction.js" path="D:\CE ARIFIN\Dashboard Puliing\backend\src\actions\dashboardAccuracyAction.js">
        <metrics statements="8" coveredstatements="2" conditionals="2" coveredconditionals="0" methods="1" coveredmethods="0"/>
        <line num="1" count="1" type="stmt"/>
        <line num="3" count="1" type="stmt"/>
        <line num="4" count="0" type="stmt"/>
        <line num="5" count="0" type="stmt"/>
        <line num="6" count="0" type="stmt"/>
        <line num="7" count="0" type="stmt"/>
        <line num="9" count="0" type="cond" truecount="0" falsecount="2"/>
        <line num="10" count="0" type="stmt"/>
      </file>
    </package>
    <package name="config">
      <metrics statements="10" coveredstatements="6" conditionals="0" coveredconditionals="0" methods="2" coveredmethods="0"/>
      <file name="db.js" path="D:\CE ARIFIN\Dashboard Puliing\backend\src\config\db.js">
        <metrics statements="10" coveredstatements="6" conditionals="0" coveredconditionals="0" methods="2" coveredmethods="0"/>
        <line num="1" count="1" type="stmt"/>
        <line num="2" count="1" type="stmt"/>
        <line num="4" count="1" type="stmt"/>
        <line num="25" count="1" type="stmt"/>
        <line num="27" count="1" type="stmt"/>
        <line num="29" count="0" type="stmt"/>
        <line num="30" count="0" type="stmt"/>
        <line num="33" count="0" type="stmt"/>
        <line num="34" count="0" type="stmt"/>
        <line num="37" count="1" type="stmt"/>
      </file>
    </package>
    <package name="models">
      <metrics statements="9" coveredstatements="3" conditionals="2" coveredconditionals="0" methods="2" coveredmethods="0"/>
      <file name="dashboardAccuracyModel.js" path="D:\CE ARIFIN\Dashboard Puliing\backend\src\models\dashboardAccuracyModel.js">
        <metrics statements="9" coveredstatements="3" conditionals="2" coveredconditionals="0" methods="2" coveredmethods="0"/>
        <line num="1" count="1" type="stmt"/>
        <line num="3" count="1" type="stmt"/>
        <line num="4" count="0" type="stmt"/>
        <line num="5" count="0" type="stmt"/>
        <line num="6" count="0" type="stmt"/>
        <line num="38" count="0" type="cond" truecount="0" falsecount="2"/>
        <line num="41" count="0" type="stmt"/>
        <line num="42" count="0" type="stmt"/>
        <line num="46" count="1" type="stmt"/>
      </file>
    </package>
  </project>
</coverage>
