{"D:\\CE ARIFIN\\Dashboard Puliing\\backend\\src\\actions\\dashboardAccuracyAction.js": {"path":"D:\\CE ARIFIN\\Dashboard Puliing\\backend\\src\\actions\\dashboardAccuracyAction.js","statementMap":{"0":{"start":{"line":1,"column":22},"end":{"line":1,"column":65}},"1":{"start":{"line":3,"column":30},"end":{"line":12,"column":1}},"2":{"start":{"line":4,"column":19},"end":{"line":4,"column":28}},"3":{"start":{"line":5,"column":2},"end":{"line":11,"column":3}},"4":{"start":{"line":6,"column":17},"end":{"line":6,"column":68}},"5":{"start":{"line":7,"column":4},"end":{"line":7,"column":19}},"6":{"start":{"line":9,"column":4},"end":{"line":9,"column":72}},"7":{"start":{"line":10,"column":4},"end":{"line":10,"column":86}}},"fnMap":{"0":{"name":"(anonymous_0)","decl":{"start":{"line":3,"column":30},"end":{"line":3,"column":31}},"loc":{"start":{"line":3,"column":50},"end":{"line":12,"column":1}},"line":3}},"branchMap":{"0":{"loc":{"start":{"line":9,"column":52},"end":{"line":9,"column":70}},"type":"binary-expr","locations":[{"start":{"line":9,"column":52},"end":{"line":9,"column":63}},{"start":{"line":9,"column":67},"end":{"line":9,"column":70}}],"line":9}},"s":{"0":1,"1":1,"2":0,"3":0,"4":0,"5":0,"6":0,"7":0},"f":{"0":0},"b":{"0":[0,0]},"_coverageSchema":"1a1c01bbd47fc00a2c39e90264f33305004495a9","hash":"1c03d5a1112d0eb38a5e13d42d11e61027859de9"}
,"D:\\CE ARIFIN\\Dashboard Puliing\\backend\\src\\config\\db.js": {"path":"D:\\CE ARIFIN\\Dashboard Puliing\\backend\\src\\config\\db.js","statementMap":{"0":{"start":{"line":1,"column":0},"end":{"line":1,"column":27}},"1":{"start":{"line":2,"column":12},"end":{"line":2,"column":28}},"2":{"start":{"line":4,"column":17},"end":{"line":23,"column":1}},"3":{"start":{"line":25,"column":13},"end":{"line":25,"column":45}},"4":{"start":{"line":27,"column":20},"end":{"line":35,"column":4}},"5":{"start":{"line":29,"column":4},"end":{"line":29,"column":53}},"6":{"start":{"line":30,"column":4},"end":{"line":30,"column":16}},"7":{"start":{"line":33,"column":4},"end":{"line":33,"column":67}},"8":{"start":{"line":34,"column":4},"end":{"line":34,"column":20}},"9":{"start":{"line":37,"column":0},"end":{"line":40,"column":2}}},"fnMap":{"0":{"name":"(anonymous_0)","decl":{"start":{"line":28,"column":8},"end":{"line":28,"column":9}},"loc":{"start":{"line":28,"column":16},"end":{"line":31,"column":3}},"line":28},"1":{"name":"(anonymous_1)","decl":{"start":{"line":32,"column":9},"end":{"line":32,"column":10}},"loc":{"start":{"line":32,"column":16},"end":{"line":35,"column":3}},"line":32}},"branchMap":{},"s":{"0":1,"1":1,"2":1,"3":1,"4":1,"5":0,"6":0,"7":0,"8":0,"9":1},"f":{"0":0,"1":0},"b":{},"_coverageSchema":"1a1c01bbd47fc00a2c39e90264f33305004495a9","hash":"547c04caea08ecc018d84f4982fbd46e0177030c"}
,"D:\\CE ARIFIN\\Dashboard Puliing\\backend\\src\\models\\dashboardAccuracyModel.js": {"path":"D:\\CE ARIFIN\\Dashboard Puliing\\backend\\src\\models\\dashboardAccuracyModel.js","statementMap":{"0":{"start":{"line":1,"column":29},"end":{"line":1,"column":52}},"1":{"start":{"line":3,"column":34},"end":{"line":44,"column":1}},"2":{"start":{"line":4,"column":2},"end":{"line":43,"column":3}},"3":{"start":{"line":5,"column":17},"end":{"line":5,"column":34}},"4":{"start":{"line":6,"column":19},"end":{"line":37,"column":8}},"5":{"start":{"line":38,"column":4},"end":{"line":38,"column":126}},"6":{"start":{"line":38,"column":40},"end":{"line":38,"column":123}},"7":{"start":{"line":41,"column":4},"end":{"line":41,"column":67}},"8":{"start":{"line":42,"column":4},"end":{"line":42,"column":14}},"9":{"start":{"line":46,"column":0},"end":{"line":46,"column":47}}},"fnMap":{"0":{"name":"(anonymous_0)","decl":{"start":{"line":3,"column":34},"end":{"line":3,"column":35}},"loc":{"start":{"line":3,"column":50},"end":{"line":44,"column":1}},"line":3},"1":{"name":"(anonymous_1)","decl":{"start":{"line":38,"column":32},"end":{"line":38,"column":33}},"loc":{"start":{"line":38,"column":40},"end":{"line":38,"column":123}},"line":38}},"branchMap":{"0":{"loc":{"start":{"line":38,"column":65},"end":{"line":38,"column":121}},"type":"cond-expr","locations":[{"start":{"line":38,"column":86},"end":{"line":38,"column":114}},{"start":{"line":38,"column":117},"end":{"line":38,"column":121}}],"line":38}},"s":{"0":1,"1":1,"2":0,"3":0,"4":0,"5":0,"6":0,"7":0,"8":0,"9":1},"f":{"0":0,"1":0},"b":{"0":[0,0]},"_coverageSchema":"1a1c01bbd47fc00a2c39e90264f33305004495a9","hash":"b010c41707bd7655401e1dc7c9c4d04e78dea48c"}
}
